<?xml version="1.0" encoding="UTF-8"?>
<testng-results ignored="0" total="1" passed="1" failed="0" skipped="0">
  <reporter-output>
  </reporter-output>
  <suite started-at="2021-11-16T16:36:45 IST" name="Suite" finished-at="2021-11-16T16:36:50 IST" duration-ms="5587">
    <groups>
    </groups>
    <test started-at="2021-11-16T16:36:45 IST" name="TestName1" finished-at="2021-11-16T16:36:50 IST" duration-ms="5587">
      <class name="Google">
        <test-method is-config="true" signature="setup()[pri:0, instance:Google@12e61fe6]" started-at="2021-11-16T16:36:45 IST" name="setup" finished-at="2021-11-16T16:36:48 IST" duration-ms="3206" status="PASS">
          <reporter-output>
          </reporter-output>
        </test-method> <!-- setup -->
        <test-method signature="testGoogleSearch()[pri:0, instance:Google@12e61fe6]" started-at="2021-11-16T16:36:48 IST" name="testGoogleSearch" finished-at="2021-11-16T16:36:50 IST" duration-ms="1705" status="PASS">
          <reporter-output>
          </reporter-output>
        </test-method> <!-- testGoogleSearch -->
        <test-method is-config="true" signature="close()[pri:0, instance:Google@12e61fe6]" started-at="2021-11-16T16:36:50 IST" name="close" finished-at="2021-11-16T16:36:50 IST" duration-ms="644" status="PASS">
          <reporter-output>
          </reporter-output>
        </test-method> <!-- close -->
      </class> <!-- Google -->
    </test> <!-- TestName1 -->
  </suite> <!-- Suite -->
</testng-results>
