<?xml version="1.0" encoding="UTF-8"?>
<testng-results ignored="0" total="1" passed="1" failed="0" skipped="0">
  <reporter-output>
  </reporter-output>
  <suite started-at="2021-11-17T12:08:21 IST" name="Suite" finished-at="2021-11-17T12:08:28 IST" duration-ms="7027">
    <groups>
    </groups>
    <test started-at="2021-11-17T12:08:21 IST" name="TestName1" finished-at="2021-11-17T12:08:28 IST" duration-ms="7027">
      <class name="Google">
        <test-method is-config="true" signature="setup()[pri:0, instance:Google@4b5a5ed1]" started-at="2021-11-17T12:08:21 IST" name="setup" finished-at="2021-11-17T12:08:25 IST" duration-ms="3990" status="PASS">
          <reporter-output>
          </reporter-output>
        </test-method> <!-- setup -->
        <test-method signature="testGoogleSearch()[pri:0, instance:Google@4b5a5ed1]" started-at="2021-11-17T12:08:25 IST" name="testGoogleSearch" finished-at="2021-11-17T12:08:27 IST" duration-ms="2350" status="PASS">
          <reporter-output>
          </reporter-output>
        </test-method> <!-- testGoogleSearch -->
        <test-method is-config="true" signature="close()[pri:0, instance:Google@4b5a5ed1]" started-at="2021-11-17T12:08:27 IST" name="close" finished-at="2021-11-17T12:08:28 IST" duration-ms="656" status="PASS">
          <reporter-output>
          </reporter-output>
        </test-method> <!-- close -->
      </class> <!-- Google -->
    </test> <!-- TestName1 -->
  </suite> <!-- Suite -->
</testng-results>
